March 3rd 2014, 3:07:08 PM : =========================================================
March 3rd 2014, 3:07:08 PM : AppName Server 1 Application.LOG | Newline.DISABLED
March 3rd 2014, 3:07:08 PM : March 3 2014 3:07 PM
March 3rd 2014, 3:07:08 PM : =========================================================
March 3rd 2014, 3:07:08 PM : dev environment detected
March 3rd 2014, 3:07:23 PM : =========================================================
March 3rd 2014, 3:07:23 PM : AppName Server 1 Application.LOG | Newline.DISABLED
March 3rd 2014, 3:07:23 PM : March 3 2014 3:07 PM
March 3rd 2014, 3:07:23 PM : =========================================================
March 3rd 2014, 3:07:24 PM : dev environment detected
March 3rd 2014, 3:07:26 PM : [index.js]IN spinOnce
March 3rd 2014, 3:08:02 PM : =========================================================
March 3rd 2014, 3:08:02 PM : AppName Server 1 Application.LOG | Newline.DISABLED
March 3rd 2014, 3:08:02 PM : March 3 2014 3:08 PM
March 3rd 2014, 3:08:02 PM : =========================================================
March 3rd 2014, 3:08:02 PM : dev environment detected
March 3rd 2014, 3:10:45 PM : =========================================================
March 3rd 2014, 3:10:45 PM : AppName Server 1 Application.LOG | Newline.DISABLED
March 3rd 2014, 3:10:45 PM : March 3 2014 3:10 PM
March 3rd 2014, 3:10:45 PM : =========================================================
March 3rd 2014, 3:10:45 PM : dev environment detected
March 3rd 2014, 3:11:11 PM : [index.js]IN spinOnce
March 3rd 2014, 3:11:52 PM : =========================================================
March 3rd 2014, 3:11:52 PM : AppName Server 1 Application.LOG | Newline.DISABLED
March 3rd 2014, 3:11:52 PM : March 3 2014 3:11 PM
March 3rd 2014, 3:11:52 PM : =========================================================
March 3rd 2014, 3:11:52 PM : dev environment detected
March 3rd 2014, 6:59:56 PM : =========================================================
March 3rd 2014, 6:59:56 PM : AppName Server 1 Application.LOG | Newline.DISABLED
March 3rd 2014, 6:59:56 PM : March 3 2014 6:59 PM
March 3rd 2014, 6:59:56 PM : =========================================================
March 3rd 2014, 6:59:56 PM : dev environment detected
